<?xml version="1.0" encoding="UTF-8"?>
<!-- Generated by org.testng.reporters.JUnitXMLReporter -->
<testsuite ignored="3" hostname="Praveens-MacBook-Pro.local" failures="0" tests="1" name="Default test" time="0.979" errors="0" timestamp="2024-05-26T00:35:56 PDT">
  <testcase classname="com.qa.tests.SDETQA_Authetication" name="bearerTokenAuth" time="0.968"/>
  <testcase classname="com.qa.tests.SDETQA_Authetication" name="basicAuth" time="0.0">
    <ignored/>
  </testcase> <!-- basicAuth -->
  <testcase classname="com.qa.tests.SDETQA_Authetication" name="digestAuth" time="0.0">
    <ignored/>
  </testcase> <!-- digestAuth -->
  <testcase classname="com.qa.tests.SDETQA_Authetication" name="preemptiveAuth" time="0.0">
    <ignored/>
  </testcase> <!-- preemptiveAuth -->
</testsuite> <!-- Default test -->
